<?xml version="1.0" encoding="UTF-8"?>
<!-- Generated by org.testng.reporters.JUnitReportReporter -->
<testsuite skipped="0" hostname="sumaiya" name="JenkinsDemo.CreateLead" tests="1" failures="0" timestamp="2020-10-23T23:45:55 EDT" time="24.345" errors="0">
  <testcase name="CLead" time="24.345" classname="JenkinsDemo.CreateLead"/>
</testsuite> <!-- JenkinsDemo.CreateLead -->
