<?xml version="1.0" encoding="UTF-8"?>
<!-- Generated by org.testng.reporters.JUnitReportReporter -->
<testsuite skipped="0" hostname="sumaiya" name="com.JenkinsProject.test.Login_Deploy" tests="1" failures="0" timestamp="2021-03-25T10:17:41 EDT" time="45.672" errors="0">
  <testcase name="CLead" time="45.672" classname="com.JenkinsProject.test.Login_Deploy"/>
</testsuite> <!-- com.JenkinsProject.test.Login_Deploy -->
