<?xml version="1.0" encoding="UTF-8"?>
<!-- Generated by org.testng.reporters.JUnitReportReporter -->
<testsuite skipped="0" hostname="sumaiya" name="com.JenkinsProject.test.Login_Test" tests="1" failures="0" timestamp="2021-03-25T15:43:15 EDT" time="33.585" errors="0">
  <testcase name="CLead" time="33.585" classname="com.JenkinsProject.test.Login_Test"/>
</testsuite> <!-- com.JenkinsProject.test.Login_Test -->
