<?xml version="1.0" encoding="UTF-8"?>
<!-- Generated by org.testng.reporters.JUnitReportReporter -->
<testsuite skipped="0" hostname="sumaiya" name="com.JenkinsProject.test.BrowserTest" tests="1" failures="0" timestamp="2021-04-12T10:27:30 EDT" time="7.702" errors="0">
  <testcase name="CLead" time="7.702" classname="com.JenkinsProject.test.BrowserTest"/>
</testsuite> <!-- com.JenkinsProject.test.BrowserTest -->
