<?xml version="1.0" encoding="UTF-8"?>
<!-- Generated by org.testng.reporters.JUnitReportReporter -->
<testsuite skipped="0" hostname="sumaiya" name="com.JenkinsProject.test.Login_Release" tests="1" failures="0" timestamp="2021-04-10T00:56:01 EDT" time="73.052" errors="0">
  <testcase name="CLead" time="73.052" classname="com.JenkinsProject.test.Login_Release"/>
</testsuite> <!-- com.JenkinsProject.test.Login_Release -->
