<?xml version="1.0" encoding="UTF-8"?>
<!-- Generated by org.testng.reporters.JUnitReportReporter -->
<testsuite skipped="0" hostname="sumaiya" name="api.intig.APITest01" tests="1" failures="0" timestamp="2021-04-16T17:37:59 EDT" time="3.605" errors="0">
  <testcase name="statusCode" time="3.605" classname="api.intig.APITest01"/>
</testsuite> <!-- api.intig.APITest01 -->
