<?xml version="1.0" encoding="UTF-8"?>
<!-- Generated by org.testng.reporters.JUnitReportReporter -->
<testsuite skipped="0" hostname="sumaiya" name="JenkinsDemo.Login_Test" tests="1" failures="0" timestamp="2020-11-08T07:54:52 EST" time="69.076" errors="0">
  <testcase name="CLead" time="69.076" classname="JenkinsDemo.Login_Test"/>
</testsuite> <!-- JenkinsDemo.Login_Test -->
