<?xml version="1.0" encoding="UTF-8"?>
<!-- Generated by org.testng.reporters.JUnitReportReporter -->
<testsuite skipped="0" hostname="sumaiya" name="JenkinsDemo.Login_Release" tests="1" failures="0" timestamp="2020-11-08T07:54:51 EST" time="65.945" errors="0">
  <testcase name="CLead" time="65.945" classname="JenkinsDemo.Login_Release"/>
</testsuite> <!-- JenkinsDemo.Login_Release -->
