<?xml version="1.0" encoding="UTF-8"?>
<!-- Generated by org.testng.reporters.JUnitReportReporter -->
<testsuite skipped="0" hostname="sumaiya" name="com.JenkinsProject.test.Login_Build" tests="1" failures="0" timestamp="2021-03-25T15:43:15 EDT" time="30.412" errors="0">
  <testcase name="CLead" time="30.412" classname="com.JenkinsProject.test.Login_Build"/>
</testsuite> <!-- com.JenkinsProject.test.Login_Build -->
