<?xml version="1.0" encoding="UTF-8"?>
<!-- Generated by org.testng.reporters.JUnitReportReporter -->
<testsuite skipped="0" hostname="sumaiya" name="JenkinsDemo.Login_Deploy" tests="1" failures="0" timestamp="2020-11-08T07:54:52 EST" time="66.202" errors="0">
  <testcase name="CLead" time="66.202" classname="JenkinsDemo.Login_Deploy"/>
</testsuite> <!-- JenkinsDemo.Login_Deploy -->
