<?xml version="1.0" encoding="UTF-8"?>
<!-- Generated by org.testng.reporters.JUnitReportReporter -->
<testsuite skipped="0" hostname="sumaiya" name="JenkinsDemo.Login_Build" tests="1" failures="0" timestamp="2021-03-25T10:03:59 EDT" time="26.937" errors="0">
  <testcase name="CLead" time="26.937" classname="JenkinsDemo.Login_Build"/>
</testsuite> <!-- JenkinsDemo.Login_Build -->
